<?xml version="1.0" encoding="UTF-8"?>
<testsuite name="net.sourceforge.pmd.lang.plsql.rule.codesize.CodesizeRulesTest" time="2.233" tests="11" errors="11" skipped="0" failures="0">
  <properties>
[...]
</properties>
  <testcase name="xml.plsql-codesize.NPathComplexity" classname="net.sourceforge.pmd.testframework.SimpleAggregatorTst" time="0.203">
    <error message="&quot;A too complex procedure which triggers NPathComplexityRule&quot; failed" type="java.lang.RuntimeException">java.lang.RuntimeException: "A too complex procedure which triggers NPathComplexityRule" failed
	at net.sourceforge.pmd.lang.plsql.ast.AbstractPLSQLNode.setScope(AbstractPLSQLNode.java:113)
	at net.sourceforge.pmd.lang.plsql.symboltable.ScopeAndDeclarationFinder.createSourceFileScope(ScopeAndDeclarationFinder.java:123)
	at net.sourceforge.pmd.lang.plsql.symboltable.ScopeAndDeclarationFinder.visit(ScopeAndDeclarationFinder.java:128)
	at net.sourceforge.pmd.lang.plsql.ast.ASTInput.jjtAccept(ASTInput.java:23)
	at net.sourceforge.pmd.lang.plsql.symboltable.SymbolFacade.initializeWith(SymbolFacade.java:11)
	at net.sourceforge.pmd.lang.plsql.PLSQLHandler$2.start(PLSQLHandler.java:68)
	at net.sourceforge.pmd.SourceCodeProcessor.symbolFacade(SourceCodeProcessor.java:104)
	at net.sourceforge.pmd.SourceCodeProcessor.processSource(SourceCodeProcessor.java:143)
	at net.sourceforge.pmd.SourceCodeProcessor.processSourceCode(SourceCodeProcessor.java:80)
	at net.sourceforge.pmd.testframework.RuleTst.runTestFromString(RuleTst.java:156)
	at net.sourceforge.pmd.testframework.RuleTst.processUsingStringReader(RuleTst.java:139)
	at net.sourceforge.pmd.testframework.RuleTst.runTest(RuleTst.java:96)
	at net.sourceforge.pmd.testframework.SimpleAggregatorTst.testAll(SimpleAggregatorTst.java:75)
</error>
  </testcase>
  <testcase name="xml.plsql-codesize.ExcessiveTypeLength" classname="net.sourceforge.pmd.testframework.SimpleAggregatorTst" time="0.203">
    <error message="&quot;A too complex procedure which triggers ExcessiveTypeLengthRule&quot; failed" type="java.lang.RuntimeException">java.lang.RuntimeException: "A too complex procedure which triggers ExcessiveTypeLengthRule" failed
	at net.sourceforge.pmd.lang.plsql.ast.AbstractPLSQLNode.setScope(AbstractPLSQLNode.java:113)
	at net.sourceforge.pmd.lang.plsql.symboltable.ScopeAndDeclarationFinder.createSourceFileScope(ScopeAndDeclarationFinder.java:123)
	at net.sourceforge.pmd.lang.plsql.symboltable.ScopeAndDeclarationFinder.visit(ScopeAndDeclarationFinder.java:128)
	at net.sourceforge.pmd.lang.plsql.ast.ASTInput.jjtAccept(ASTInput.java:23)
	at net.sourceforge.pmd.lang.plsql.symboltable.SymbolFacade.initializeWith(SymbolFacade.java:11)
	at net.sourceforge.pmd.lang.plsql.PLSQLHandler$2.start(PLSQLHandler.java:68)
	at net.sourceforge.pmd.SourceCodeProcessor.symbolFacade(SourceCodeProcessor.java:104)
	at net.sourceforge.pmd.SourceCodeProcessor.processSource(SourceCodeProcessor.java:143)
	at net.sourceforge.pmd.SourceCodeProcessor.processSourceCode(SourceCodeProcessor.java:80)
	at net.sourceforge.pmd.testframework.RuleTst.runTestFromString(RuleTst.java:156)
	at net.sourceforge.pmd.testframework.RuleTst.processUsingStringReader(RuleTst.java:139)
	at net.sourceforge.pmd.testframework.RuleTst.runTest(RuleTst.java:96)
	at net.sourceforge.pmd.testframework.SimpleAggregatorTst.testAll(SimpleAggregatorTst.java:75)
</error>
  </testcase>
  <testcase name="xml.plsql-codesize.CyclomaticComplexity" classname="net.sourceforge.pmd.testframework.SimpleAggregatorTst" time="0.203">
    <error message="&quot;Simple method&quot; failed" type="java.lang.RuntimeException">java.lang.RuntimeException: "Simple method" failed
	at net.sourceforge.pmd.lang.plsql.ast.AbstractPLSQLNode.setScope(AbstractPLSQLNode.java:113)
	at net.sourceforge.pmd.lang.plsql.symboltable.ScopeAndDeclarationFinder.createSourceFileScope(ScopeAndDeclarationFinder.java:123)
	at net.sourceforge.pmd.lang.plsql.symboltable.ScopeAndDeclarationFinder.visit(ScopeAndDeclarationFinder.java:128)
	at net.sourceforge.pmd.lang.plsql.ast.ASTInput.jjtAccept(ASTInput.java:23)
	at net.sourceforge.pmd.lang.plsql.symboltable.SymbolFacade.initializeWith(SymbolFacade.java:11)
	at net.sourceforge.pmd.lang.plsql.PLSQLHandler$2.start(PLSQLHandler.java:68)
	at net.sourceforge.pmd.SourceCodeProcessor.symbolFacade(SourceCodeProcessor.java:104)
	at net.sourceforge.pmd.SourceCodeProcessor.processSource(SourceCodeProcessor.java:143)
	at net.sourceforge.pmd.SourceCodeProcessor.processSourceCode(SourceCodeProcessor.java:80)
	at net.sourceforge.pmd.testframework.RuleTst.runTestFromString(RuleTst.java:156)
	at net.sourceforge.pmd.testframework.RuleTst.processUsingStringReader(RuleTst.java:139)
	at net.sourceforge.pmd.testframework.RuleTst.runTest(RuleTst.java:96)
	at net.sourceforge.pmd.testframework.SimpleAggregatorTst.testAll(SimpleAggregatorTst.java:75)
</error>
  </testcase>
  <testcase name="xml.plsql-codesize.ExcessiveObjectLength" classname="net.sourceforge.pmd.testframework.SimpleAggregatorTst" time="0.203">
    <error message="&quot;short&quot; failed" type="java.lang.RuntimeException">java.lang.RuntimeException: "short" failed
	at net.sourceforge.pmd.lang.plsql.ast.AbstractPLSQLNode.setScope(AbstractPLSQLNode.java:113)
	at net.sourceforge.pmd.lang.plsql.symboltable.ScopeAndDeclarationFinder.createSourceFileScope(ScopeAndDeclarationFinder.java:123)
	at net.sourceforge.pmd.lang.plsql.symboltable.ScopeAndDeclarationFinder.visit(ScopeAndDeclarationFinder.java:128)
	at net.sourceforge.pmd.lang.plsql.ast.ASTInput.jjtAccept(ASTInput.java:23)
	at net.sourceforge.pmd.lang.plsql.symboltable.SymbolFacade.initializeWith(SymbolFacade.java:11)
	at net.sourceforge.pmd.lang.plsql.PLSQLHandler$2.start(PLSQLHandler.java:68)
	at net.sourceforge.pmd.SourceCodeProcessor.symbolFacade(SourceCodeProcessor.java:104)
	at net.sourceforge.pmd.SourceCodeProcessor.processSource(SourceCodeProcessor.java:143)
	at net.sourceforge.pmd.SourceCodeProcessor.processSourceCode(SourceCodeProcessor.java:80)
	at net.sourceforge.pmd.testframework.RuleTst.runTestFromString(RuleTst.java:156)
	at net.sourceforge.pmd.testframework.RuleTst.processUsingStringReader(RuleTst.java:139)
	at net.sourceforge.pmd.testframework.RuleTst.runTest(RuleTst.java:96)
	at net.sourceforge.pmd.testframework.SimpleAggregatorTst.testAll(SimpleAggregatorTst.java:75)
</error>
  </testcase>
  <testcase name="xml.plsql-codesize.ExcessivePackageBodyLength" classname="net.sourceforge.pmd.testframework.SimpleAggregatorTst" time="0.203">
    <error message="&quot;A too complex procedure which triggers ExcessivePackageBodyLengthRule&quot; failed" type="java.lang.RuntimeException">java.lang.RuntimeException: "A too complex procedure which triggers ExcessivePackageBodyLengthRule" failed
	at net.sourceforge.pmd.lang.plsql.ast.AbstractPLSQLNode.setScope(AbstractPLSQLNode.java:113)
	at net.sourceforge.pmd.lang.plsql.symboltable.ScopeAndDeclarationFinder.createSourceFileScope(ScopeAndDeclarationFinder.java:123)
	at net.sourceforge.pmd.lang.plsql.symboltable.ScopeAndDeclarationFinder.visit(ScopeAndDeclarationFinder.java:128)
	at net.sourceforge.pmd.lang.plsql.ast.ASTInput.jjtAccept(ASTInput.java:23)
	at net.sourceforge.pmd.lang.plsql.symboltable.SymbolFacade.initializeWith(SymbolFacade.java:11)
	at net.sourceforge.pmd.lang.plsql.PLSQLHandler$2.start(PLSQLHandler.java:68)
	at net.sourceforge.pmd.SourceCodeProcessor.symbolFacade(SourceCodeProcessor.java:104)
	at net.sourceforge.pmd.SourceCodeProcessor.processSource(SourceCodeProcessor.java:143)
	at net.sourceforge.pmd.SourceCodeProcessor.processSourceCode(SourceCodeProcessor.java:80)
	at net.sourceforge.pmd.testframework.RuleTst.runTestFromString(RuleTst.java:156)
	at net.sourceforge.pmd.testframework.RuleTst.processUsingStringReader(RuleTst.java:139)
	at net.sourceforge.pmd.testframework.RuleTst.runTest(RuleTst.java:96)
	at net.sourceforge.pmd.testframework.SimpleAggregatorTst.testAll(SimpleAggregatorTst.java:75)
</error>
  </testcase>
  <testcase name="xml.plsql-codesize.ExcessivePackageSpecificationLength" classname="net.sourceforge.pmd.testframework.SimpleAggregatorTst" time="0.203">
    <error message="&quot;A too complex procedure which triggers ExcessivePackageSpecificationLengthRule&quot; failed" type="java.lang.RuntimeException">java.lang.RuntimeException: "A too complex procedure which triggers ExcessivePackageSpecificationLengthRule" failed
	at net.sourceforge.pmd.lang.plsql.ast.AbstractPLSQLNode.setScope(AbstractPLSQLNode.java:113)
	at net.sourceforge.pmd.lang.plsql.symboltable.ScopeAndDeclarationFinder.createSourceFileScope(ScopeAndDeclarationFinder.java:123)
	at net.sourceforge.pmd.lang.plsql.symboltable.ScopeAndDeclarationFinder.visit(ScopeAndDeclarationFinder.java:128)
	at net.sourceforge.pmd.lang.plsql.ast.ASTInput.jjtAccept(ASTInput.java:23)
	at net.sourceforge.pmd.lang.plsql.symboltable.SymbolFacade.initializeWith(SymbolFacade.java:11)
	at net.sourceforge.pmd.lang.plsql.PLSQLHandler$2.start(PLSQLHandler.java:68)
	at net.sourceforge.pmd.SourceCodeProcessor.symbolFacade(SourceCodeProcessor.java:104)
	at net.sourceforge.pmd.SourceCodeProcessor.processSource(SourceCodeProcessor.java:143)
	at net.sourceforge.pmd.SourceCodeProcessor.processSourceCode(SourceCodeProcessor.java:80)
	at net.sourceforge.pmd.testframework.RuleTst.runTestFromString(RuleTst.java:156)
	at net.sourceforge.pmd.testframework.RuleTst.processUsingStringReader(RuleTst.java:139)
	at net.sourceforge.pmd.testframework.RuleTst.runTest(RuleTst.java:96)
	at net.sourceforge.pmd.testframework.SimpleAggregatorTst.testAll(SimpleAggregatorTst.java:75)
</error>
  </testcase>
  <testcase name="xml.plsql-codesize.ExcessiveParameterList" classname="net.sourceforge.pmd.testframework.SimpleAggregatorTst" time="0.203">
    <error message="&quot;A too complex procedure which triggers ExcessiveParameterListRule&quot; failed" type="java.lang.RuntimeException">java.lang.RuntimeException: "A too complex procedure which triggers ExcessiveParameterListRule" failed
	at net.sourceforge.pmd.lang.plsql.ast.AbstractPLSQLNode.setScope(AbstractPLSQLNode.java:113)
	at net.sourceforge.pmd.lang.plsql.symboltable.ScopeAndDeclarationFinder.createSourceFileScope(ScopeAndDeclarationFinder.java:123)
	at net.sourceforge.pmd.lang.plsql.symboltable.ScopeAndDeclarationFinder.visit(ScopeAndDeclarationFinder.java:128)
	at net.sourceforge.pmd.lang.plsql.ast.ASTInput.jjtAccept(ASTInput.java:23)
	at net.sourceforge.pmd.lang.plsql.symboltable.SymbolFacade.initializeWith(SymbolFacade.java:11)
	at net.sourceforge.pmd.lang.plsql.PLSQLHandler$2.start(PLSQLHandler.java:68)
	at net.sourceforge.pmd.SourceCodeProcessor.symbolFacade(SourceCodeProcessor.java:104)
	at net.sourceforge.pmd.SourceCodeProcessor.processSource(SourceCodeProcessor.java:143)
	at net.sourceforge.pmd.SourceCodeProcessor.processSourceCode(SourceCodeProcessor.java:80)
	at net.sourceforge.pmd.testframework.RuleTst.runTestFromString(RuleTst.java:156)
	at net.sourceforge.pmd.testframework.RuleTst.processUsingStringReader(RuleTst.java:139)
	at net.sourceforge.pmd.testframework.RuleTst.runTest(RuleTst.java:96)
	at net.sourceforge.pmd.testframework.SimpleAggregatorTst.testAll(SimpleAggregatorTst.java:75)
</error>
  </testcase>
  <testcase name="xml.plsql-codesize.ExcessiveMethodLength" classname="net.sourceforge.pmd.testframework.SimpleAggregatorTst" time="0.203">
    <error message="&quot;short&quot; failed" type="java.lang.RuntimeException">java.lang.RuntimeException: "short" failed
	at net.sourceforge.pmd.lang.plsql.ast.AbstractPLSQLNode.setScope(AbstractPLSQLNode.java:113)
	at net.sourceforge.pmd.lang.plsql.symboltable.ScopeAndDeclarationFinder.createSourceFileScope(ScopeAndDeclarationFinder.java:123)
	at net.sourceforge.pmd.lang.plsql.symboltable.ScopeAndDeclarationFinder.visit(ScopeAndDeclarationFinder.java:128)
	at net.sourceforge.pmd.lang.plsql.ast.ASTInput.jjtAccept(ASTInput.java:23)
	at net.sourceforge.pmd.lang.plsql.symboltable.SymbolFacade.initializeWith(SymbolFacade.java:11)
	at net.sourceforge.pmd.lang.plsql.PLSQLHandler$2.start(PLSQLHandler.java:68)
	at net.sourceforge.pmd.SourceCodeProcessor.symbolFacade(SourceCodeProcessor.java:104)
	at net.sourceforge.pmd.SourceCodeProcessor.processSource(SourceCodeProcessor.java:143)
	at net.sourceforge.pmd.SourceCodeProcessor.processSourceCode(SourceCodeProcessor.java:80)
	at net.sourceforge.pmd.testframework.RuleTst.runTestFromString(RuleTst.java:156)
	at net.sourceforge.pmd.testframework.RuleTst.processUsingStringReader(RuleTst.java:139)
	at net.sourceforge.pmd.testframework.RuleTst.runTest(RuleTst.java:96)
	at net.sourceforge.pmd.testframework.SimpleAggregatorTst.testAll(SimpleAggregatorTst.java:75)
</error>
  </testcase>
  <testcase name="xml.plsql-codesize.NcssMethodCount" classname="net.sourceforge.pmd.testframework.SimpleAggregatorTst" time="0.203">
    <error message="&quot;A too complex procedure which triggers ExcessiveNcssMethodCountRule&quot; failed" type="java.lang.RuntimeException">java.lang.RuntimeException: "A too complex procedure which triggers ExcessiveNcssMethodCountRule" failed
	at net.sourceforge.pmd.lang.plsql.ast.AbstractPLSQLNode.setScope(AbstractPLSQLNode.java:113)
	at net.sourceforge.pmd.lang.plsql.symboltable.ScopeAndDeclarationFinder.createSourceFileScope(ScopeAndDeclarationFinder.java:123)
	at net.sourceforge.pmd.lang.plsql.symboltable.ScopeAndDeclarationFinder.visit(ScopeAndDeclarationFinder.java:128)
	at net.sourceforge.pmd.lang.plsql.ast.ASTInput.jjtAccept(ASTInput.java:23)
	at net.sourceforge.pmd.lang.plsql.symboltable.SymbolFacade.initializeWith(SymbolFacade.java:11)
	at net.sourceforge.pmd.lang.plsql.PLSQLHandler$2.start(PLSQLHandler.java:68)
	at net.sourceforge.pmd.SourceCodeProcessor.symbolFacade(SourceCodeProcessor.java:104)
	at net.sourceforge.pmd.SourceCodeProcessor.processSource(SourceCodeProcessor.java:143)
	at net.sourceforge.pmd.SourceCodeProcessor.processSourceCode(SourceCodeProcessor.java:80)
	at net.sourceforge.pmd.testframework.RuleTst.runTestFromString(RuleTst.java:156)
	at net.sourceforge.pmd.testframework.RuleTst.processUsingStringReader(RuleTst.java:139)
	at net.sourceforge.pmd.testframework.RuleTst.runTest(RuleTst.java:96)
	at net.sourceforge.pmd.testframework.SimpleAggregatorTst.testAll(SimpleAggregatorTst.java:75)
</error>
  </testcase>
  <testcase name="xml.plsql-codesize.NcssObjectCount" classname="net.sourceforge.pmd.testframework.SimpleAggregatorTst" time="0.203">
    <error message="&quot;A too complex procedure which triggers NcssObjectCountRule&quot; failed" type="java.lang.RuntimeException">java.lang.RuntimeException: "A too complex procedure which triggers NcssObjectCountRule" failed
	at net.sourceforge.pmd.lang.plsql.ast.AbstractPLSQLNode.setScope(AbstractPLSQLNode.java:113)
	at net.sourceforge.pmd.lang.plsql.symboltable.ScopeAndDeclarationFinder.createSourceFileScope(ScopeAndDeclarationFinder.java:123)
	at net.sourceforge.pmd.lang.plsql.symboltable.ScopeAndDeclarationFinder.visit(ScopeAndDeclarationFinder.java:128)
	at net.sourceforge.pmd.lang.plsql.ast.ASTInput.jjtAccept(ASTInput.java:23)
	at net.sourceforge.pmd.lang.plsql.symboltable.SymbolFacade.initializeWith(SymbolFacade.java:11)
	at net.sourceforge.pmd.lang.plsql.PLSQLHandler$2.start(PLSQLHandler.java:68)
	at net.sourceforge.pmd.SourceCodeProcessor.symbolFacade(SourceCodeProcessor.java:104)
	at net.sourceforge.pmd.SourceCodeProcessor.processSource(SourceCodeProcessor.java:143)
	at net.sourceforge.pmd.SourceCodeProcessor.processSourceCode(SourceCodeProcessor.java:80)
	at net.sourceforge.pmd.testframework.RuleTst.runTestFromString(RuleTst.java:156)
	at net.sourceforge.pmd.testframework.RuleTst.processUsingStringReader(RuleTst.java:139)
	at net.sourceforge.pmd.testframework.RuleTst.runTest(RuleTst.java:96)
	at net.sourceforge.pmd.testframework.SimpleAggregatorTst.testAll(SimpleAggregatorTst.java:75)
</error>
  </testcase>
  <testcase name="xml.plsql-codesize.TooManyFields" classname="net.sourceforge.pmd.testframework.SimpleAggregatorTst" time="0.203">
    <error message="&quot;A too complex procedure which triggers TooManyFieldsRule&quot; failed" type="java.lang.RuntimeException">java.lang.RuntimeException: "A too complex procedure which triggers TooManyFieldsRule" failed
	at net.sourceforge.pmd.lang.plsql.ast.AbstractPLSQLNode.setScope(AbstractPLSQLNode.java:113)
	at net.sourceforge.pmd.lang.plsql.symboltable.ScopeAndDeclarationFinder.createSourceFileScope(ScopeAndDeclarationFinder.java:123)
	at net.sourceforge.pmd.lang.plsql.symboltable.ScopeAndDeclarationFinder.visit(ScopeAndDeclarationFinder.java:128)
	at net.sourceforge.pmd.lang.plsql.ast.ASTInput.jjtAccept(ASTInput.java:23)
	at net.sourceforge.pmd.lang.plsql.symboltable.SymbolFacade.initializeWith(SymbolFacade.java:11)
	at net.sourceforge.pmd.lang.plsql.PLSQLHandler$2.start(PLSQLHandler.java:68)
	at net.sourceforge.pmd.SourceCodeProcessor.symbolFacade(SourceCodeProcessor.java:104)
	at net.sourceforge.pmd.SourceCodeProcessor.processSource(SourceCodeProcessor.java:143)
	at net.sourceforge.pmd.SourceCodeProcessor.processSourceCode(SourceCodeProcessor.java:80)
	at net.sourceforge.pmd.testframework.RuleTst.runTestFromString(RuleTst.java:156)
	at net.sourceforge.pmd.testframework.RuleTst.processUsingStringReader(RuleTst.java:139)
	at net.sourceforge.pmd.testframework.RuleTst.runTest(RuleTst.java:96)
	at net.sourceforge.pmd.testframework.SimpleAggregatorTst.testAll(SimpleAggregatorTst.java:75)
</error>
  </testcase>
</testsuite>